{"contracts/TuurntCrowdsale.sol":{"l":{"57":8,"58":8,"65":13,"74":16,"75":16,"76":16,"77":16,"84":6,"85":6,"93":8,"94":8,"95":8,"96":8,"103":5,"104":5,"105":5,"106":5,"107":5,"114":4,"115":4,"116":4,"117":4,"118":4,"119":4,"120":4,"128":4,"129":4,"130":4,"131":4,"132":4,"133":4,"134":4,"141":4,"142":4,"143":4,"144":4,"145":4,"146":4,"147":4,"154":1,"162":1,"163":1,"172":107,"173":29,"175":78,"176":11,"177":11,"179":67,"180":9,"181":9,"183":58,"184":11,"185":11,"187":47,"188":13,"189":13,"191":34,"200":8,"201":3,"203":5,"204":2,"206":3,"207":1,"209":2,"210":1,"212":1,"213":1,"223":8,"224":8,"225":8,"237":13,"238":13,"243":10,"244":10,"245":10,"246":9,"247":8,"248":8,"249":8,"250":8,"251":8,"252":8,"253":8,"255":3,"264":1,"265":1,"266":1,"267":1},"path":"/Users/vikas/Documents/workspace/Tuurnt/contracts/TuurntCrowdsale.sol","s":{"1":8,"2":13,"3":16,"4":16,"5":16,"6":16,"7":6,"8":6,"9":8,"10":8,"11":8,"12":8,"13":5,"14":5,"15":5,"16":5,"17":5,"18":4,"19":4,"20":4,"21":4,"22":4,"23":4,"24":4,"25":4,"26":4,"27":4,"28":4,"29":4,"30":4,"31":4,"32":4,"33":4,"34":4,"35":4,"36":4,"37":4,"38":4,"39":1,"40":1,"41":1,"42":107,"43":29,"44":78,"45":11,"46":11,"47":67,"48":9,"49":9,"50":58,"51":11,"52":11,"53":47,"54":13,"55":13,"56":34,"57":8,"58":3,"59":5,"60":2,"61":3,"62":1,"63":2,"64":1,"65":1,"66":1,"67":8,"68":8,"69":8,"70":13,"71":13,"72":10,"73":10,"74":9,"75":8,"76":8,"77":8,"78":8,"79":8,"80":8,"81":8,"82":3,"83":1,"84":1,"85":1,"86":1},"b":{"1":[16,0],"2":[6,0],"3":[8,0],"4":[5,0],"5":[5,0],"6":[4,0],"7":[4,0],"8":[4,0],"9":[4,0],"10":[4,0],"11":[4,0],"12":[4,0],"13":[4,0],"14":[4,0],"15":[1,0],"16":[29,78],"17":[11,67],"18":[11,0],"19":[9,58],"20":[9,0],"21":[11,47],"22":[11,0],"23":[13,34],"24":[13,0],"25":[3,5],"26":[2,3],"27":[1,2],"28":[1,1],"29":[1,0],"30":[10,3],"31":[10,0],"32":[9,1],"33":[8,1],"34":[8,0],"35":[8,0],"36":[1,0],"37":[1,0],"38":[1,0]},"f":{"1":8,"2":13,"3":16,"4":6,"5":8,"6":5,"7":4,"8":4,"9":4,"10":1,"11":1,"12":107,"13":8,"14":8,"15":13,"16":1},"fnMap":{"1":{"name":"fundTransfer","line":56,"loc":{"start":{"line":56,"column":4},"end":{"line":56,"column":61}}},"2":{"name":null,"line":64,"loc":{"start":{"line":64,"column":4},"end":{"line":64,"column":28}}},"3":{"name":null,"line":73,"loc":{"start":{"line":73,"column":4},"end":{"line":73,"column":69}}},"4":{"name":"endPrivatesale","line":83,"loc":{"start":{"line":83,"column":4},"end":{"line":83,"column":44}}},"5":{"name":"setTokenAddress","line":92,"loc":{"start":{"line":92,"column":4},"end":{"line":92,"column":66}}},"6":{"name":"activePresale","line":102,"loc":{"start":{"line":102,"column":4},"end":{"line":102,"column":63}}},"7":{"name":"activeCrowdsalePhase1","line":113,"loc":{"start":{"line":113,"column":4},"end":{"line":113,"column":70}}},"8":{"name":"activeCrowdsalePhase2","line":127,"loc":{"start":{"line":127,"column":4},"end":{"line":127,"column":70}}},"9":{"name":"activeCrowdsalePhase3","line":140,"loc":{"start":{"line":140,"column":4},"end":{"line":140,"column":70}}},"10":{"name":"changeMinInvestment","line":153,"loc":{"start":{"line":153,"column":4},"end":{"line":153,"column":74}}},"11":{"name":"setEtherRate","line":161,"loc":{"start":{"line":161,"column":4},"end":{"line":161,"column":61}}},"12":{"name":"getState","line":170,"loc":{"start":{"line":170,"column":4},"end":{"line":170,"column":48}}},"13":{"name":"getRate","line":199,"loc":{"start":{"line":199,"column":4},"end":{"line":199,"column":49}}},"14":{"name":"getTokenAmount","line":222,"loc":{"start":{"line":222,"column":4},"end":{"line":222,"column":79}}},"15":{"name":"buyTokens","line":232,"loc":{"start":{"line":232,"column":4},"end":{"line":236,"column":5}}},"16":{"name":"endCrowdfund","line":263,"loc":{"start":{"line":263,"column":4},"end":{"line":263,"column":78}}}},"statementMap":{"1":{"start":{"line":58,"column":8},"end":{"line":58,"column":19}},"2":{"start":{"line":65,"column":8},"end":{"line":65,"column":28}},"3":{"start":{"line":74,"column":8},"end":{"line":74,"column":49}},"4":{"start":{"line":75,"column":8},"end":{"line":75,"column":47}},"5":{"start":{"line":76,"column":8},"end":{"line":76,"column":40}},"6":{"start":{"line":77,"column":8},"end":{"line":77,"column":49}},"7":{"start":{"line":84,"column":8},"end":{"line":84,"column":43}},"8":{"start":{"line":85,"column":8},"end":{"line":85,"column":49}},"9":{"start":{"line":93,"column":8},"end":{"line":93,"column":42}},"10":{"start":{"line":94,"column":8},"end":{"line":94,"column":41}},"11":{"start":{"line":95,"column":8},"end":{"line":95,"column":35}},"12":{"start":{"line":96,"column":8},"end":{"line":96,"column":36}},"13":{"start":{"line":103,"column":8},"end":{"line":103,"column":40}},"14":{"start":{"line":104,"column":8},"end":{"line":104,"column":44}},"15":{"start":{"line":105,"column":8},"end":{"line":105,"column":38}},"16":{"start":{"line":106,"column":8},"end":{"line":106,"column":49}},"17":{"start":{"line":107,"column":8},"end":{"line":107,"column":41}},"18":{"start":{"line":114,"column":8},"end":{"line":114,"column":39}},"19":{"start":{"line":115,"column":8},"end":{"line":115,"column":44}},"20":{"start":{"line":116,"column":8},"end":{"line":116,"column":48}},"21":{"start":{"line":117,"column":8},"end":{"line":117,"column":45}},"22":{"start":{"line":118,"column":8},"end":{"line":118,"column":53}},"23":{"start":{"line":119,"column":8},"end":{"line":119,"column":41}},"24":{"start":{"line":120,"column":8},"end":{"line":120,"column":57}},"25":{"start":{"line":128,"column":8},"end":{"line":128,"column":48}},"26":{"start":{"line":129,"column":8},"end":{"line":129,"column":52}},"27":{"start":{"line":130,"column":8},"end":{"line":130,"column":47}},"28":{"start":{"line":131,"column":8},"end":{"line":131,"column":45}},"29":{"start":{"line":132,"column":8},"end":{"line":132,"column":53}},"30":{"start":{"line":133,"column":8},"end":{"line":133,"column":57}},"31":{"start":{"line":134,"column":8},"end":{"line":134,"column":57}},"32":{"start":{"line":141,"column":8},"end":{"line":141,"column":48}},"33":{"start":{"line":142,"column":8},"end":{"line":142,"column":52}},"34":{"start":{"line":143,"column":8},"end":{"line":143,"column":47}},"35":{"start":{"line":144,"column":8},"end":{"line":144,"column":45}},"36":{"start":{"line":145,"column":8},"end":{"line":145,"column":53}},"37":{"start":{"line":146,"column":8},"end":{"line":146,"column":57}},"38":{"start":{"line":147,"column":8},"end":{"line":147,"column":57}},"39":{"start":{"line":154,"column":8},"end":{"line":154,"column":41}},"40":{"start":{"line":162,"column":8},"end":{"line":162,"column":32}},"41":{"start":{"line":163,"column":8},"end":{"line":163,"column":28}},"42":{"start":{"line":172,"column":8},"end":{"line":172,"column":5896}},"43":{"start":{"line":173,"column":12},"end":{"line":173,"column":36}},"44":{"start":{"line":175,"column":8},"end":{"line":175,"column":6017}},"45":{"start":{"line":176,"column":12},"end":{"line":176,"column":43}},"46":{"start":{"line":177,"column":12},"end":{"line":177,"column":32}},"47":{"start":{"line":179,"column":8},"end":{"line":179,"column":6171}},"48":{"start":{"line":180,"column":12},"end":{"line":180,"column":51}},"49":{"start":{"line":181,"column":12},"end":{"line":181,"column":40}},"50":{"start":{"line":183,"column":8},"end":{"line":183,"column":6357}},"51":{"start":{"line":184,"column":12},"end":{"line":184,"column":51}},"52":{"start":{"line":185,"column":12},"end":{"line":185,"column":40}},"53":{"start":{"line":187,"column":8},"end":{"line":187,"column":6543}},"54":{"start":{"line":188,"column":12},"end":{"line":188,"column":51}},"55":{"start":{"line":189,"column":12},"end":{"line":189,"column":40}},"56":{"start":{"line":191,"column":8},"end":{"line":191,"column":24}},"57":{"start":{"line":200,"column":8},"end":{"line":200,"column":6895}},"58":{"start":{"line":201,"column":12},"end":{"line":201,"column":20}},"59":{"start":{"line":203,"column":8},"end":{"line":203,"column":6974}},"60":{"start":{"line":204,"column":12},"end":{"line":204,"column":20}},"61":{"start":{"line":206,"column":8},"end":{"line":206,"column":7049}},"62":{"start":{"line":207,"column":12},"end":{"line":207,"column":20}},"63":{"start":{"line":209,"column":8},"end":{"line":209,"column":7132}},"64":{"start":{"line":210,"column":12},"end":{"line":210,"column":20}},"65":{"start":{"line":212,"column":8},"end":{"line":212,"column":7215}},"66":{"start":{"line":213,"column":12},"end":{"line":213,"column":21}},"67":{"start":{"line":223,"column":8},"end":{"line":223,"column":36}},"68":{"start":{"line":224,"column":8},"end":{"line":224,"column":83}},"69":{"start":{"line":225,"column":8},"end":{"line":225,"column":26}},"70":{"start":{"line":237,"column":8},"end":{"line":237,"column":26}},"71":{"start":{"line":238,"column":8},"end":{"line":238,"column":8014}},"72":{"start":{"line":244,"column":12},"end":{"line":244,"column":50}},"73":{"start":{"line":245,"column":12},"end":{"line":245,"column":46}},"74":{"start":{"line":246,"column":12},"end":{"line":246,"column":47}},"75":{"start":{"line":247,"column":12},"end":{"line":247,"column":45}},"76":{"start":{"line":248,"column":12},"end":{"line":248,"column":43}},"77":{"start":{"line":249,"column":12},"end":{"line":249,"column":60}},"78":{"start":{"line":250,"column":12},"end":{"line":250,"column":47}},"79":{"start":{"line":251,"column":12},"end":{"line":251,"column":44}},"80":{"start":{"line":252,"column":12},"end":{"line":252,"column":57}},"81":{"start":{"line":253,"column":12},"end":{"line":253,"column":23}},"82":{"start":{"line":255,"column":12},"end":{"line":255,"column":19}},"83":{"start":{"line":264,"column":8},"end":{"line":264,"column":47}},"84":{"start":{"line":265,"column":8},"end":{"line":265,"column":45}},"85":{"start":{"line":266,"column":8},"end":{"line":266,"column":48}},"86":{"start":{"line":267,"column":8},"end":{"line":267,"column":57}}},"branchMap":{"1":{"line":74,"type":"if","locations":[{"start":{"line":74,"column":8},"end":{"line":74,"column":8}},{"start":{"line":74,"column":8},"end":{"line":74,"column":8}}]},"2":{"line":84,"type":"if","locations":[{"start":{"line":84,"column":8},"end":{"line":84,"column":8}},{"start":{"line":84,"column":8},"end":{"line":84,"column":8}}]},"3":{"line":93,"type":"if","locations":[{"start":{"line":93,"column":8},"end":{"line":93,"column":8}},{"start":{"line":93,"column":8},"end":{"line":93,"column":8}}]},"4":{"line":103,"type":"if","locations":[{"start":{"line":103,"column":8},"end":{"line":103,"column":8}},{"start":{"line":103,"column":8},"end":{"line":103,"column":8}}]},"5":{"line":104,"type":"if","locations":[{"start":{"line":104,"column":8},"end":{"line":104,"column":8}},{"start":{"line":104,"column":8},"end":{"line":104,"column":8}}]},"6":{"line":114,"type":"if","locations":[{"start":{"line":114,"column":8},"end":{"line":114,"column":8}},{"start":{"line":114,"column":8},"end":{"line":114,"column":8}}]},"7":{"line":115,"type":"if","locations":[{"start":{"line":115,"column":8},"end":{"line":115,"column":8}},{"start":{"line":115,"column":8},"end":{"line":115,"column":8}}]},"8":{"line":116,"type":"if","locations":[{"start":{"line":116,"column":8},"end":{"line":116,"column":8}},{"start":{"line":116,"column":8},"end":{"line":116,"column":8}}]},"9":{"line":128,"type":"if","locations":[{"start":{"line":128,"column":8},"end":{"line":128,"column":8}},{"start":{"line":128,"column":8},"end":{"line":128,"column":8}}]},"10":{"line":129,"type":"if","locations":[{"start":{"line":129,"column":8},"end":{"line":129,"column":8}},{"start":{"line":129,"column":8},"end":{"line":129,"column":8}}]},"11":{"line":130,"type":"if","locations":[{"start":{"line":130,"column":8},"end":{"line":130,"column":8}},{"start":{"line":130,"column":8},"end":{"line":130,"column":8}}]},"12":{"line":141,"type":"if","locations":[{"start":{"line":141,"column":8},"end":{"line":141,"column":8}},{"start":{"line":141,"column":8},"end":{"line":141,"column":8}}]},"13":{"line":142,"type":"if","locations":[{"start":{"line":142,"column":8},"end":{"line":142,"column":8}},{"start":{"line":142,"column":8},"end":{"line":142,"column":8}}]},"14":{"line":143,"type":"if","locations":[{"start":{"line":143,"column":8},"end":{"line":143,"column":8}},{"start":{"line":143,"column":8},"end":{"line":143,"column":8}}]},"15":{"line":162,"type":"if","locations":[{"start":{"line":162,"column":8},"end":{"line":162,"column":8}},{"start":{"line":162,"column":8},"end":{"line":162,"column":8}}]},"16":{"line":172,"type":"if","locations":[{"start":{"line":172,"column":8},"end":{"line":172,"column":8}},{"start":{"line":172,"column":8},"end":{"line":172,"column":8}}]},"17":{"line":175,"type":"if","locations":[{"start":{"line":175,"column":8},"end":{"line":175,"column":8}},{"start":{"line":175,"column":8},"end":{"line":175,"column":8}}]},"18":{"line":176,"type":"if","locations":[{"start":{"line":176,"column":12},"end":{"line":176,"column":12}},{"start":{"line":176,"column":12},"end":{"line":176,"column":12}}]},"19":{"line":179,"type":"if","locations":[{"start":{"line":179,"column":8},"end":{"line":179,"column":8}},{"start":{"line":179,"column":8},"end":{"line":179,"column":8}}]},"20":{"line":180,"type":"if","locations":[{"start":{"line":180,"column":12},"end":{"line":180,"column":12}},{"start":{"line":180,"column":12},"end":{"line":180,"column":12}}]},"21":{"line":183,"type":"if","locations":[{"start":{"line":183,"column":8},"end":{"line":183,"column":8}},{"start":{"line":183,"column":8},"end":{"line":183,"column":8}}]},"22":{"line":184,"type":"if","locations":[{"start":{"line":184,"column":12},"end":{"line":184,"column":12}},{"start":{"line":184,"column":12},"end":{"line":184,"column":12}}]},"23":{"line":187,"type":"if","locations":[{"start":{"line":187,"column":8},"end":{"line":187,"column":8}},{"start":{"line":187,"column":8},"end":{"line":187,"column":8}}]},"24":{"line":188,"type":"if","locations":[{"start":{"line":188,"column":12},"end":{"line":188,"column":12}},{"start":{"line":188,"column":12},"end":{"line":188,"column":12}}]},"25":{"line":200,"type":"if","locations":[{"start":{"line":200,"column":8},"end":{"line":200,"column":8}},{"start":{"line":200,"column":8},"end":{"line":200,"column":8}}]},"26":{"line":203,"type":"if","locations":[{"start":{"line":203,"column":8},"end":{"line":203,"column":8}},{"start":{"line":203,"column":8},"end":{"line":203,"column":8}}]},"27":{"line":206,"type":"if","locations":[{"start":{"line":206,"column":8},"end":{"line":206,"column":8}},{"start":{"line":206,"column":8},"end":{"line":206,"column":8}}]},"28":{"line":209,"type":"if","locations":[{"start":{"line":209,"column":8},"end":{"line":209,"column":8}},{"start":{"line":209,"column":8},"end":{"line":209,"column":8}}]},"29":{"line":212,"type":"if","locations":[{"start":{"line":212,"column":8},"end":{"line":212,"column":8}},{"start":{"line":212,"column":8},"end":{"line":212,"column":8}}]},"30":{"line":238,"type":"if","locations":[{"start":{"line":238,"column":8},"end":{"line":238,"column":8}},{"start":{"line":238,"column":8},"end":{"line":238,"column":8}}]},"31":{"line":244,"type":"if","locations":[{"start":{"line":244,"column":12},"end":{"line":244,"column":12}},{"start":{"line":244,"column":12},"end":{"line":244,"column":12}}]},"32":{"line":245,"type":"if","locations":[{"start":{"line":245,"column":12},"end":{"line":245,"column":12}},{"start":{"line":245,"column":12},"end":{"line":245,"column":12}}]},"33":{"line":246,"type":"if","locations":[{"start":{"line":246,"column":12},"end":{"line":246,"column":12}},{"start":{"line":246,"column":12},"end":{"line":246,"column":12}}]},"34":{"line":248,"type":"if","locations":[{"start":{"line":248,"column":12},"end":{"line":248,"column":12}},{"start":{"line":248,"column":12},"end":{"line":248,"column":12}}]},"35":{"line":249,"type":"if","locations":[{"start":{"line":249,"column":12},"end":{"line":249,"column":12}},{"start":{"line":249,"column":12},"end":{"line":249,"column":12}}]},"36":{"line":264,"type":"if","locations":[{"start":{"line":264,"column":8},"end":{"line":264,"column":8}},{"start":{"line":264,"column":8},"end":{"line":264,"column":8}}]},"37":{"line":265,"type":"if","locations":[{"start":{"line":265,"column":8},"end":{"line":265,"column":8}},{"start":{"line":265,"column":8},"end":{"line":265,"column":8}}]},"38":{"line":267,"type":"if","locations":[{"start":{"line":267,"column":8},"end":{"line":267,"column":8}},{"start":{"line":267,"column":8},"end":{"line":267,"column":8}}]}}},"contracts/TuurntToken.sol":{"l":{"40":21,"41":21,"42":21,"43":21,"44":21,"45":21,"46":21,"49":21,"50":21,"51":21,"56":21,"57":21,"58":21,"61":21,"62":21,"63":21},"path":"/Users/vikas/Documents/workspace/Tuurnt/contracts/TuurntToken.sol","s":{"1":21,"2":21,"3":21,"4":21,"5":21,"6":21,"7":21,"8":21,"9":21,"10":21,"11":21,"12":21,"13":21,"14":21,"15":21,"16":21},"b":{"1":[21,0],"2":[21,0],"3":[21,0]},"f":{"1":21},"fnMap":{"1":{"name":null,"line":37,"loc":{"start":{"line":37,"column":4},"end":{"line":39,"column":5}}}},"statementMap":{"1":{"start":{"line":40,"column":8},"end":{"line":40,"column":47}},"2":{"start":{"line":41,"column":8},"end":{"line":41,"column":42}},"3":{"start":{"line":42,"column":8},"end":{"line":42,"column":45}},"4":{"start":{"line":43,"column":8},"end":{"line":43,"column":42}},"5":{"start":{"line":44,"column":8},"end":{"line":44,"column":57}},"6":{"start":{"line":45,"column":8},"end":{"line":45,"column":60}},"7":{"start":{"line":46,"column":8},"end":{"line":46,"column":62}},"8":{"start":{"line":49,"column":8},"end":{"line":49,"column":43}},"9":{"start":{"line":50,"column":8},"end":{"line":50,"column":33}},"10":{"start":{"line":51,"column":8},"end":{"line":51,"column":39}},"11":{"start":{"line":56,"column":8},"end":{"line":56,"column":57}},"12":{"start":{"line":57,"column":8},"end":{"line":57,"column":53}},"13":{"start":{"line":58,"column":8},"end":{"line":58,"column":47}},"14":{"start":{"line":61,"column":8},"end":{"line":61,"column":74}},"15":{"start":{"line":62,"column":8},"end":{"line":62,"column":70}},"16":{"start":{"line":63,"column":8},"end":{"line":63,"column":64}}},"branchMap":{"1":{"line":40,"type":"if","locations":[{"start":{"line":40,"column":8},"end":{"line":40,"column":8}},{"start":{"line":40,"column":8},"end":{"line":40,"column":8}}]},"2":{"line":41,"type":"if","locations":[{"start":{"line":41,"column":8},"end":{"line":41,"column":8}},{"start":{"line":41,"column":8},"end":{"line":41,"column":8}}]},"3":{"line":42,"type":"if","locations":[{"start":{"line":42,"column":8},"end":{"line":42,"column":8}},{"start":{"line":42,"column":8},"end":{"line":42,"column":8}}]}}}}