{"contracts/TuurntAirdrop.sol":{"l":{"23":8,"30":13,"31":12,"32":12,"33":12,"41":1,"42":1,"43":1},"path":"/Users/vikas/Documents/workspace/Tuurnt/contracts/TuurntAirdrop.sol","s":{"1":8,"2":13,"3":12,"4":12,"5":12,"6":1,"7":1,"8":1},"b":{"1":[12,1],"2":[11,1],"3":[1,0],"4":[1,0]},"f":{"1":8,"2":13,"3":1},"fnMap":{"1":{"name":"setTokenAddress","line":22,"loc":{"start":{"line":22,"column":4},"end":{"line":22,"column":66}}},"2":{"name":"airdropToken","line":29,"loc":{"start":{"line":29,"column":4},"end":{"line":29,"column":33}}},"3":{"name":"withdrawToken","line":40,"loc":{"start":{"line":40,"column":4},"end":{"line":40,"column":57}}}},"statementMap":{"1":{"start":{"line":23,"column":8},"end":{"line":23,"column":41}},"2":{"start":{"line":30,"column":8},"end":{"line":30,"column":48}},"3":{"start":{"line":31,"column":8},"end":{"line":31,"column":56}},"4":{"start":{"line":32,"column":8},"end":{"line":32,"column":37}},"5":{"start":{"line":33,"column":8},"end":{"line":33,"column":53}},"6":{"start":{"line":41,"column":8},"end":{"line":41,"column":35}},"7":{"start":{"line":42,"column":8},"end":{"line":42,"column":45}},"8":{"start":{"line":43,"column":8},"end":{"line":43,"column":44}}},"branchMap":{"1":{"line":30,"type":"if","locations":[{"start":{"line":30,"column":8},"end":{"line":30,"column":8}},{"start":{"line":30,"column":8},"end":{"line":30,"column":8}}]},"2":{"line":33,"type":"if","locations":[{"start":{"line":33,"column":8},"end":{"line":33,"column":8}},{"start":{"line":33,"column":8},"end":{"line":33,"column":8}}]},"3":{"line":41,"type":"if","locations":[{"start":{"line":41,"column":8},"end":{"line":41,"column":8}},{"start":{"line":41,"column":8},"end":{"line":41,"column":8}}]},"4":{"line":43,"type":"if","locations":[{"start":{"line":43,"column":8},"end":{"line":43,"column":8}},{"start":{"line":43,"column":8},"end":{"line":43,"column":8}}]}}},"contracts/TuurntCrowdsale.sol":{"l":{"57":9,"58":9,"65":15,"74":26,"75":26,"76":26,"77":26,"78":26,"85":6,"86":6,"94":9,"95":9,"96":9,"97":9,"104":5,"105":5,"106":5,"107":5,"108":5,"115":4,"116":4,"117":4,"118":4,"119":4,"120":4,"121":4,"129":4,"130":4,"131":4,"132":4,"133":4,"134":4,"135":4,"142":4,"143":4,"144":4,"145":4,"146":4,"147":4,"148":4,"155":1,"163":1,"164":1,"173":113,"174":35,"176":78,"177":11,"178":11,"180":67,"181":9,"182":9,"184":58,"185":11,"186":11,"188":47,"189":13,"190":13,"192":34,"201":9,"202":4,"204":5,"205":2,"207":3,"208":1,"210":2,"211":1,"213":1,"214":1,"224":9,"225":9,"226":9,"238":15,"239":14,"244":11,"245":11,"246":11,"247":10,"248":9,"249":9,"250":9,"251":9,"252":9,"253":9,"254":9,"256":3,"265":1,"266":1,"267":1,"268":1},"path":"/Users/vikas/Documents/workspace/Tuurnt/contracts/TuurntCrowdsale.sol","s":{"1":9,"2":15,"3":26,"4":26,"5":26,"6":26,"7":26,"8":6,"9":6,"10":9,"11":9,"12":9,"13":9,"14":5,"15":5,"16":5,"17":5,"18":5,"19":4,"20":4,"21":4,"22":4,"23":4,"24":4,"25":4,"26":4,"27":4,"28":4,"29":4,"30":4,"31":4,"32":4,"33":4,"34":4,"35":4,"36":4,"37":4,"38":4,"39":4,"40":1,"41":1,"42":1,"43":113,"44":35,"45":78,"46":11,"47":11,"48":67,"49":9,"50":9,"51":58,"52":11,"53":11,"54":47,"55":13,"56":13,"57":34,"58":9,"59":4,"60":5,"61":2,"62":3,"63":1,"64":2,"65":1,"66":1,"67":1,"68":9,"69":9,"70":9,"71":15,"72":14,"73":11,"74":11,"75":10,"76":9,"77":9,"78":9,"79":9,"80":9,"81":9,"82":9,"83":3,"84":1,"85":1,"86":1,"87":1},"b":{"1":[26,0],"2":[6,0],"3":[9,0],"4":[5,0],"5":[5,0],"6":[4,0],"7":[4,0],"8":[4,0],"9":[4,0],"10":[4,0],"11":[4,0],"12":[4,0],"13":[4,0],"14":[4,0],"15":[1,0],"16":[35,78],"17":[11,67],"18":[11,0],"19":[9,58],"20":[9,0],"21":[11,47],"22":[11,0],"23":[13,34],"24":[13,0],"25":[4,5],"26":[2,3],"27":[1,2],"28":[1,1],"29":[1,0],"30":[14,1],"31":[11,3],"32":[11,0],"33":[10,1],"34":[9,1],"35":[9,0],"36":[9,0],"37":[1,0],"38":[1,0],"39":[1,0]},"f":{"1":9,"2":15,"3":26,"4":6,"5":9,"6":5,"7":4,"8":4,"9":4,"10":1,"11":1,"12":113,"13":9,"14":9,"15":15,"16":1},"fnMap":{"1":{"name":"fundTransfer","line":56,"loc":{"start":{"line":56,"column":4},"end":{"line":56,"column":61}}},"2":{"name":null,"line":64,"loc":{"start":{"line":64,"column":4},"end":{"line":64,"column":28}}},"3":{"name":null,"line":73,"loc":{"start":{"line":73,"column":4},"end":{"line":73,"column":89}}},"4":{"name":"endPrivatesale","line":84,"loc":{"start":{"line":84,"column":4},"end":{"line":84,"column":44}}},"5":{"name":"setTokenAddress","line":93,"loc":{"start":{"line":93,"column":4},"end":{"line":93,"column":66}}},"6":{"name":"activePresale","line":103,"loc":{"start":{"line":103,"column":4},"end":{"line":103,"column":63}}},"7":{"name":"activeCrowdsalePhase1","line":114,"loc":{"start":{"line":114,"column":4},"end":{"line":114,"column":70}}},"8":{"name":"activeCrowdsalePhase2","line":128,"loc":{"start":{"line":128,"column":4},"end":{"line":128,"column":70}}},"9":{"name":"activeCrowdsalePhase3","line":141,"loc":{"start":{"line":141,"column":4},"end":{"line":141,"column":70}}},"10":{"name":"changeMinInvestment","line":154,"loc":{"start":{"line":154,"column":4},"end":{"line":154,"column":74}}},"11":{"name":"setEtherRate","line":162,"loc":{"start":{"line":162,"column":4},"end":{"line":162,"column":61}}},"12":{"name":"getState","line":171,"loc":{"start":{"line":171,"column":4},"end":{"line":171,"column":48}}},"13":{"name":"getRate","line":200,"loc":{"start":{"line":200,"column":4},"end":{"line":200,"column":49}}},"14":{"name":"getTokenAmount","line":223,"loc":{"start":{"line":223,"column":4},"end":{"line":223,"column":79}}},"15":{"name":"buyTokens","line":233,"loc":{"start":{"line":233,"column":4},"end":{"line":237,"column":5}}},"16":{"name":"endCrowdfund","line":264,"loc":{"start":{"line":264,"column":4},"end":{"line":264,"column":78}}}},"statementMap":{"1":{"start":{"line":58,"column":8},"end":{"line":58,"column":19}},"2":{"start":{"line":65,"column":8},"end":{"line":65,"column":28}},"3":{"start":{"line":74,"column":8},"end":{"line":74,"column":49}},"4":{"start":{"line":75,"column":8},"end":{"line":75,"column":47}},"5":{"start":{"line":76,"column":8},"end":{"line":76,"column":49}},"6":{"start":{"line":77,"column":8},"end":{"line":77,"column":40}},"7":{"start":{"line":78,"column":8},"end":{"line":78,"column":49}},"8":{"start":{"line":85,"column":8},"end":{"line":85,"column":43}},"9":{"start":{"line":86,"column":8},"end":{"line":86,"column":49}},"10":{"start":{"line":94,"column":8},"end":{"line":94,"column":42}},"11":{"start":{"line":95,"column":8},"end":{"line":95,"column":41}},"12":{"start":{"line":96,"column":8},"end":{"line":96,"column":35}},"13":{"start":{"line":97,"column":8},"end":{"line":97,"column":36}},"14":{"start":{"line":104,"column":8},"end":{"line":104,"column":40}},"15":{"start":{"line":105,"column":8},"end":{"line":105,"column":44}},"16":{"start":{"line":106,"column":8},"end":{"line":106,"column":38}},"17":{"start":{"line":107,"column":8},"end":{"line":107,"column":49}},"18":{"start":{"line":108,"column":8},"end":{"line":108,"column":41}},"19":{"start":{"line":115,"column":8},"end":{"line":115,"column":39}},"20":{"start":{"line":116,"column":8},"end":{"line":116,"column":44}},"21":{"start":{"line":117,"column":8},"end":{"line":117,"column":48}},"22":{"start":{"line":118,"column":8},"end":{"line":118,"column":45}},"23":{"start":{"line":119,"column":8},"end":{"line":119,"column":53}},"24":{"start":{"line":120,"column":8},"end":{"line":120,"column":41}},"25":{"start":{"line":121,"column":8},"end":{"line":121,"column":57}},"26":{"start":{"line":129,"column":8},"end":{"line":129,"column":48}},"27":{"start":{"line":130,"column":8},"end":{"line":130,"column":52}},"28":{"start":{"line":131,"column":8},"end":{"line":131,"column":47}},"29":{"start":{"line":132,"column":8},"end":{"line":132,"column":45}},"30":{"start":{"line":133,"column":8},"end":{"line":133,"column":53}},"31":{"start":{"line":134,"column":8},"end":{"line":134,"column":57}},"32":{"start":{"line":135,"column":8},"end":{"line":135,"column":57}},"33":{"start":{"line":142,"column":8},"end":{"line":142,"column":48}},"34":{"start":{"line":143,"column":8},"end":{"line":143,"column":52}},"35":{"start":{"line":144,"column":8},"end":{"line":144,"column":47}},"36":{"start":{"line":145,"column":8},"end":{"line":145,"column":45}},"37":{"start":{"line":146,"column":8},"end":{"line":146,"column":53}},"38":{"start":{"line":147,"column":8},"end":{"line":147,"column":57}},"39":{"start":{"line":148,"column":8},"end":{"line":148,"column":57}},"40":{"start":{"line":155,"column":8},"end":{"line":155,"column":41}},"41":{"start":{"line":163,"column":8},"end":{"line":163,"column":32}},"42":{"start":{"line":164,"column":8},"end":{"line":164,"column":28}},"43":{"start":{"line":173,"column":8},"end":{"line":173,"column":5964}},"44":{"start":{"line":174,"column":12},"end":{"line":174,"column":36}},"45":{"start":{"line":176,"column":8},"end":{"line":176,"column":6085}},"46":{"start":{"line":177,"column":12},"end":{"line":177,"column":43}},"47":{"start":{"line":178,"column":12},"end":{"line":178,"column":32}},"48":{"start":{"line":180,"column":8},"end":{"line":180,"column":6239}},"49":{"start":{"line":181,"column":12},"end":{"line":181,"column":51}},"50":{"start":{"line":182,"column":12},"end":{"line":182,"column":40}},"51":{"start":{"line":184,"column":8},"end":{"line":184,"column":6425}},"52":{"start":{"line":185,"column":12},"end":{"line":185,"column":51}},"53":{"start":{"line":186,"column":12},"end":{"line":186,"column":40}},"54":{"start":{"line":188,"column":8},"end":{"line":188,"column":6611}},"55":{"start":{"line":189,"column":12},"end":{"line":189,"column":51}},"56":{"start":{"line":190,"column":12},"end":{"line":190,"column":40}},"57":{"start":{"line":192,"column":8},"end":{"line":192,"column":24}},"58":{"start":{"line":201,"column":8},"end":{"line":201,"column":6963}},"59":{"start":{"line":202,"column":12},"end":{"line":202,"column":20}},"60":{"start":{"line":204,"column":8},"end":{"line":204,"column":7042}},"61":{"start":{"line":205,"column":12},"end":{"line":205,"column":20}},"62":{"start":{"line":207,"column":8},"end":{"line":207,"column":7117}},"63":{"start":{"line":208,"column":12},"end":{"line":208,"column":20}},"64":{"start":{"line":210,"column":8},"end":{"line":210,"column":7200}},"65":{"start":{"line":211,"column":12},"end":{"line":211,"column":20}},"66":{"start":{"line":213,"column":8},"end":{"line":213,"column":7283}},"67":{"start":{"line":214,"column":12},"end":{"line":214,"column":21}},"68":{"start":{"line":224,"column":8},"end":{"line":224,"column":36}},"69":{"start":{"line":225,"column":8},"end":{"line":225,"column":83}},"70":{"start":{"line":226,"column":8},"end":{"line":226,"column":26}},"71":{"start":{"line":238,"column":8},"end":{"line":238,"column":58}},"72":{"start":{"line":239,"column":8},"end":{"line":239,"column":8115}},"73":{"start":{"line":245,"column":12},"end":{"line":245,"column":50}},"74":{"start":{"line":246,"column":12},"end":{"line":246,"column":46}},"75":{"start":{"line":247,"column":12},"end":{"line":247,"column":47}},"76":{"start":{"line":248,"column":12},"end":{"line":248,"column":45}},"77":{"start":{"line":249,"column":12},"end":{"line":249,"column":43}},"78":{"start":{"line":250,"column":12},"end":{"line":250,"column":60}},"79":{"start":{"line":251,"column":12},"end":{"line":251,"column":47}},"80":{"start":{"line":252,"column":12},"end":{"line":252,"column":44}},"81":{"start":{"line":253,"column":12},"end":{"line":253,"column":57}},"82":{"start":{"line":254,"column":12},"end":{"line":254,"column":23}},"83":{"start":{"line":256,"column":12},"end":{"line":256,"column":19}},"84":{"start":{"line":265,"column":8},"end":{"line":265,"column":47}},"85":{"start":{"line":266,"column":8},"end":{"line":266,"column":45}},"86":{"start":{"line":267,"column":8},"end":{"line":267,"column":48}},"87":{"start":{"line":268,"column":8},"end":{"line":268,"column":57}}},"branchMap":{"1":{"line":74,"type":"if","locations":[{"start":{"line":74,"column":8},"end":{"line":74,"column":8}},{"start":{"line":74,"column":8},"end":{"line":74,"column":8}}]},"2":{"line":85,"type":"if","locations":[{"start":{"line":85,"column":8},"end":{"line":85,"column":8}},{"start":{"line":85,"column":8},"end":{"line":85,"column":8}}]},"3":{"line":94,"type":"if","locations":[{"start":{"line":94,"column":8},"end":{"line":94,"column":8}},{"start":{"line":94,"column":8},"end":{"line":94,"column":8}}]},"4":{"line":104,"type":"if","locations":[{"start":{"line":104,"column":8},"end":{"line":104,"column":8}},{"start":{"line":104,"column":8},"end":{"line":104,"column":8}}]},"5":{"line":105,"type":"if","locations":[{"start":{"line":105,"column":8},"end":{"line":105,"column":8}},{"start":{"line":105,"column":8},"end":{"line":105,"column":8}}]},"6":{"line":115,"type":"if","locations":[{"start":{"line":115,"column":8},"end":{"line":115,"column":8}},{"start":{"line":115,"column":8},"end":{"line":115,"column":8}}]},"7":{"line":116,"type":"if","locations":[{"start":{"line":116,"column":8},"end":{"line":116,"column":8}},{"start":{"line":116,"column":8},"end":{"line":116,"column":8}}]},"8":{"line":117,"type":"if","locations":[{"start":{"line":117,"column":8},"end":{"line":117,"column":8}},{"start":{"line":117,"column":8},"end":{"line":117,"column":8}}]},"9":{"line":129,"type":"if","locations":[{"start":{"line":129,"column":8},"end":{"line":129,"column":8}},{"start":{"line":129,"column":8},"end":{"line":129,"column":8}}]},"10":{"line":130,"type":"if","locations":[{"start":{"line":130,"column":8},"end":{"line":130,"column":8}},{"start":{"line":130,"column":8},"end":{"line":130,"column":8}}]},"11":{"line":131,"type":"if","locations":[{"start":{"line":131,"column":8},"end":{"line":131,"column":8}},{"start":{"line":131,"column":8},"end":{"line":131,"column":8}}]},"12":{"line":142,"type":"if","locations":[{"start":{"line":142,"column":8},"end":{"line":142,"column":8}},{"start":{"line":142,"column":8},"end":{"line":142,"column":8}}]},"13":{"line":143,"type":"if","locations":[{"start":{"line":143,"column":8},"end":{"line":143,"column":8}},{"start":{"line":143,"column":8},"end":{"line":143,"column":8}}]},"14":{"line":144,"type":"if","locations":[{"start":{"line":144,"column":8},"end":{"line":144,"column":8}},{"start":{"line":144,"column":8},"end":{"line":144,"column":8}}]},"15":{"line":163,"type":"if","locations":[{"start":{"line":163,"column":8},"end":{"line":163,"column":8}},{"start":{"line":163,"column":8},"end":{"line":163,"column":8}}]},"16":{"line":173,"type":"if","locations":[{"start":{"line":173,"column":8},"end":{"line":173,"column":8}},{"start":{"line":173,"column":8},"end":{"line":173,"column":8}}]},"17":{"line":176,"type":"if","locations":[{"start":{"line":176,"column":8},"end":{"line":176,"column":8}},{"start":{"line":176,"column":8},"end":{"line":176,"column":8}}]},"18":{"line":177,"type":"if","locations":[{"start":{"line":177,"column":12},"end":{"line":177,"column":12}},{"start":{"line":177,"column":12},"end":{"line":177,"column":12}}]},"19":{"line":180,"type":"if","locations":[{"start":{"line":180,"column":8},"end":{"line":180,"column":8}},{"start":{"line":180,"column":8},"end":{"line":180,"column":8}}]},"20":{"line":181,"type":"if","locations":[{"start":{"line":181,"column":12},"end":{"line":181,"column":12}},{"start":{"line":181,"column":12},"end":{"line":181,"column":12}}]},"21":{"line":184,"type":"if","locations":[{"start":{"line":184,"column":8},"end":{"line":184,"column":8}},{"start":{"line":184,"column":8},"end":{"line":184,"column":8}}]},"22":{"line":185,"type":"if","locations":[{"start":{"line":185,"column":12},"end":{"line":185,"column":12}},{"start":{"line":185,"column":12},"end":{"line":185,"column":12}}]},"23":{"line":188,"type":"if","locations":[{"start":{"line":188,"column":8},"end":{"line":188,"column":8}},{"start":{"line":188,"column":8},"end":{"line":188,"column":8}}]},"24":{"line":189,"type":"if","locations":[{"start":{"line":189,"column":12},"end":{"line":189,"column":12}},{"start":{"line":189,"column":12},"end":{"line":189,"column":12}}]},"25":{"line":201,"type":"if","locations":[{"start":{"line":201,"column":8},"end":{"line":201,"column":8}},{"start":{"line":201,"column":8},"end":{"line":201,"column":8}}]},"26":{"line":204,"type":"if","locations":[{"start":{"line":204,"column":8},"end":{"line":204,"column":8}},{"start":{"line":204,"column":8},"end":{"line":204,"column":8}}]},"27":{"line":207,"type":"if","locations":[{"start":{"line":207,"column":8},"end":{"line":207,"column":8}},{"start":{"line":207,"column":8},"end":{"line":207,"column":8}}]},"28":{"line":210,"type":"if","locations":[{"start":{"line":210,"column":8},"end":{"line":210,"column":8}},{"start":{"line":210,"column":8},"end":{"line":210,"column":8}}]},"29":{"line":213,"type":"if","locations":[{"start":{"line":213,"column":8},"end":{"line":213,"column":8}},{"start":{"line":213,"column":8},"end":{"line":213,"column":8}}]},"30":{"line":238,"type":"if","locations":[{"start":{"line":238,"column":8},"end":{"line":238,"column":8}},{"start":{"line":238,"column":8},"end":{"line":238,"column":8}}]},"31":{"line":239,"type":"if","locations":[{"start":{"line":239,"column":8},"end":{"line":239,"column":8}},{"start":{"line":239,"column":8},"end":{"line":239,"column":8}}]},"32":{"line":245,"type":"if","locations":[{"start":{"line":245,"column":12},"end":{"line":245,"column":12}},{"start":{"line":245,"column":12},"end":{"line":245,"column":12}}]},"33":{"line":246,"type":"if","locations":[{"start":{"line":246,"column":12},"end":{"line":246,"column":12}},{"start":{"line":246,"column":12},"end":{"line":246,"column":12}}]},"34":{"line":247,"type":"if","locations":[{"start":{"line":247,"column":12},"end":{"line":247,"column":12}},{"start":{"line":247,"column":12},"end":{"line":247,"column":12}}]},"35":{"line":249,"type":"if","locations":[{"start":{"line":249,"column":12},"end":{"line":249,"column":12}},{"start":{"line":249,"column":12},"end":{"line":249,"column":12}}]},"36":{"line":250,"type":"if","locations":[{"start":{"line":250,"column":12},"end":{"line":250,"column":12}},{"start":{"line":250,"column":12},"end":{"line":250,"column":12}}]},"37":{"line":265,"type":"if","locations":[{"start":{"line":265,"column":8},"end":{"line":265,"column":8}},{"start":{"line":265,"column":8},"end":{"line":265,"column":8}}]},"38":{"line":266,"type":"if","locations":[{"start":{"line":266,"column":8},"end":{"line":266,"column":8}},{"start":{"line":266,"column":8},"end":{"line":266,"column":8}}]},"39":{"line":268,"type":"if","locations":[{"start":{"line":268,"column":8},"end":{"line":268,"column":8}},{"start":{"line":268,"column":8},"end":{"line":268,"column":8}}]}}},"contracts/TuurntToken.sol":{"l":{"39":33,"40":33,"41":33,"42":33,"43":33,"44":33,"45":33,"48":33,"49":33,"50":33,"54":33,"55":33,"56":33,"59":33,"60":33,"61":33},"path":"/Users/vikas/Documents/workspace/Tuurnt/contracts/TuurntToken.sol","s":{"1":33,"2":33,"3":33,"4":33,"5":33,"6":33,"7":33,"8":33,"9":33,"10":33,"11":33,"12":33,"13":33,"14":33,"15":33,"16":33},"b":{"1":[33,0],"2":[33,0],"3":[33,0]},"f":{"1":33},"fnMap":{"1":{"name":null,"line":36,"loc":{"start":{"line":36,"column":4},"end":{"line":38,"column":5}}}},"statementMap":{"1":{"start":{"line":39,"column":8},"end":{"line":39,"column":47}},"2":{"start":{"line":40,"column":8},"end":{"line":40,"column":42}},"3":{"start":{"line":41,"column":8},"end":{"line":41,"column":45}},"4":{"start":{"line":42,"column":8},"end":{"line":42,"column":42}},"5":{"start":{"line":43,"column":8},"end":{"line":43,"column":57}},"6":{"start":{"line":44,"column":8},"end":{"line":44,"column":60}},"7":{"start":{"line":45,"column":8},"end":{"line":45,"column":62}},"8":{"start":{"line":48,"column":8},"end":{"line":48,"column":43}},"9":{"start":{"line":49,"column":8},"end":{"line":49,"column":33}},"10":{"start":{"line":50,"column":8},"end":{"line":50,"column":39}},"11":{"start":{"line":54,"column":8},"end":{"line":54,"column":57}},"12":{"start":{"line":55,"column":8},"end":{"line":55,"column":53}},"13":{"start":{"line":56,"column":8},"end":{"line":56,"column":47}},"14":{"start":{"line":59,"column":8},"end":{"line":59,"column":74}},"15":{"start":{"line":60,"column":8},"end":{"line":60,"column":70}},"16":{"start":{"line":61,"column":8},"end":{"line":61,"column":64}}},"branchMap":{"1":{"line":39,"type":"if","locations":[{"start":{"line":39,"column":8},"end":{"line":39,"column":8}},{"start":{"line":39,"column":8},"end":{"line":39,"column":8}}]},"2":{"line":40,"type":"if","locations":[{"start":{"line":40,"column":8},"end":{"line":40,"column":8}},{"start":{"line":40,"column":8},"end":{"line":40,"column":8}}]},"3":{"line":41,"type":"if","locations":[{"start":{"line":41,"column":8},"end":{"line":41,"column":8}},{"start":{"line":41,"column":8},"end":{"line":41,"column":8}}]}}},"contracts/TuurntWhitelist.sol":{"l":{"15":7,"22":23,"30":1,"31":4,"40":0,"48":28,"49":26,"51":2},"path":"/Users/vikas/Documents/workspace/Tuurnt/contracts/TuurntWhitelist.sol","s":{"1":7,"2":23,"3":1,"4":4,"5":0,"6":28,"7":26,"8":2},"b":{"1":[26,2]},"f":{"1":7,"2":23,"3":1,"4":0,"5":28},"fnMap":{"1":{"name":"setAirdropAddress","line":14,"loc":{"start":{"line":14,"column":4},"end":{"line":14,"column":62}}},"2":{"name":"addToWhitelist","line":21,"loc":{"start":{"line":21,"column":4},"end":{"line":21,"column":66}}},"3":{"name":"addManyToWhitelist","line":29,"loc":{"start":{"line":29,"column":4},"end":{"line":29,"column":74}}},"4":{"name":"removeFromWhitelist","line":39,"loc":{"start":{"line":39,"column":4},"end":{"line":39,"column":71}}},"5":{"name":"checkWhitelist","line":47,"loc":{"start":{"line":47,"column":4},"end":{"line":47,"column":77}}}},"statementMap":{"1":{"start":{"line":15,"column":8},"end":{"line":15,"column":25}},"2":{"start":{"line":22,"column":8},"end":{"line":22,"column":37}},"3":{"start":{"line":30,"column":8},"end":{"line":30,"column":944}},"4":{"start":{"line":31,"column":12},"end":{"line":31,"column":46}},"5":{"start":{"line":40,"column":8},"end":{"line":40,"column":38}},"6":{"start":{"line":48,"column":8},"end":{"line":48,"column":1549}},"7":{"start":{"line":49,"column":12},"end":{"line":49,"column":23}},"8":{"start":{"line":51,"column":12},"end":{"line":51,"column":24}}},"branchMap":{"1":{"line":48,"type":"if","locations":[{"start":{"line":48,"column":8},"end":{"line":48,"column":8}},{"start":{"line":48,"column":8},"end":{"line":48,"column":8}}]}}},"contracts/WhitelistInterface.sol":{"l":{},"path":"/Users/vikas/Documents/workspace/Tuurnt/contracts/WhitelistInterface.sol","s":{},"b":{},"f":{},"fnMap":{},"statementMap":{},"branchMap":{}}}